Build started 6/10/2015 1:44:49 PM.
     1>Project "C:\Temp\ToZip\ML_Engine_Demo_Visual_Studio\ML_Engine_Demo\ML_Engine_Demo.vcxproj" on node 2 (Build target(s)).
     1>InitializeBuildStatus:
         Creating "x64\Debug\ML_Engine_Demo.unsuccessfulbuild" because "AlwaysCreate" was specified.
       ClCompile:
         C:\Program Files (x86)\Microsoft Visual Studio 11.0\VC\bin\x86_amd64\CL.exe /c /I"C:\Program Files\MATLAB\R2015a\extern\include" /Zi /nologo /W3 /WX- /sdl /Od /D _CRT_SECURE_NO_WARNINGS /D _MBCS /Gm /EHsc /RTC1 /MDd /GS /fp:precise /Zc:wchar_t /Zc:forScope /Fo"x64\Debug\\" /Fd"x64\Debug\vc110.pdb" /Gd /TP /errorReport:prompt gaussian3x3.cpp MLenginedemo.cpp
         MLenginedemo.cpp
     1>MLenginedemo.cpp(41): warning C4101: 'buffer' : unreferenced local variable
         gaussian3x3.cpp
     1>gaussian3x3.cpp(19): warning C4244: 'initializing' : conversion from 'const double' to 'int', possible loss of data
     1>gaussian3x3.cpp(20): warning C4244: 'initializing' : conversion from 'const double' to 'int', possible loss of data
         Generating Code...
       Link:
         C:\Program Files (x86)\Microsoft Visual Studio 11.0\VC\bin\x86_amd64\link.exe /ERRORREPORT:PROMPT /OUT:"C:\Temp\ToZip\ML_Engine_Demo_Visual_Studio\x64\Debug\ML_Engine_Demo.exe" /INCREMENTAL /NOLOGO /LIBPATH:"C:\Program Files\MATLAB\R2015a\extern\lib\win64\microsoft" /LIBPATH:C:\Visual_Studio\Projects\ML_Engine_Demo\Filter_Codegen libmx.lib libmat.lib libeng.lib libmwimfilter.lib kernel32.lib user32.lib gdi32.lib winspool.lib comdlg32.lib advapi32.lib shell32.lib ole32.lib oleaut32.lib uuid.lib odbc32.lib odbccp32.lib /MANIFEST /MANIFESTUAC:"level='asInvoker' uiAccess='false'" /manifest:embed /DEBUG /PDB:"C:\Temp\ToZip\ML_Engine_Demo_Visual_Studio\x64\Debug\ML_Engine_Demo.pdb" /TLBID:1 /DYNAMICBASE /NXCOMPAT /IMPLIB:"C:\Temp\ToZip\ML_Engine_Demo_Visual_Studio\x64\Debug\ML_Engine_Demo.lib" /MACHINE:X64 x64\Debug\gaussian3x3.obj
         x64\Debug\MLenginedemo.obj
         ML_Engine_Demo.vcxproj -> C:\Temp\ToZip\ML_Engine_Demo_Visual_Studio\x64\Debug\ML_Engine_Demo.exe
       FinalizeBuildStatus:
         Deleting file "x64\Debug\ML_Engine_Demo.unsuccessfulbuild".
         Touching "x64\Debug\ML_Engine_Demo.lastbuildstate".
     1>Done Building Project "C:\Temp\ToZip\ML_Engine_Demo_Visual_Studio\ML_Engine_Demo\ML_Engine_Demo.vcxproj" (Build target(s)).

Build succeeded.

Time Elapsed 00:00:04.82
