C:\VISUAL_STUDIO\PROJECTS\ML_ENGINE_DEMO_VISUAL_STUDIO\ML_ENGINE_DEMO\X64\DEBUG\GAUSSIAN3X3.OBJ
C:\VISUAL_STUDIO\PROJECTS\ML_ENGINE_DEMO_VISUAL_STUDIO\ML_ENGINE_DEMO\X64\DEBUG\MLENGINEDEMO.OBJ
C:\VISUAL_STUDIO\PROJECTS\ML_ENGINE_DEMO_VISUAL_STUDIO\ML_ENGINE_DEMO\X64\DEBUG\VC110.PDB
C:\VISUAL_STUDIO\PROJECTS\ML_ENGINE_DEMO_VISUAL_STUDIO\X64\DEBUG\ML_ENGINE_DEMO.ILK
C:\VISUAL_STUDIO\PROJECTS\ML_ENGINE_DEMO_VISUAL_STUDIO\X64\DEBUG\ML_ENGINE_DEMO.EXE
C:\VISUAL_STUDIO\PROJECTS\ML_ENGINE_DEMO_VISUAL_STUDIO\X64\DEBUG\ML_ENGINE_DEMO.PDB
C:\Visual_Studio\Projects\ML_Engine_Demo_Visual_Studio\ML_Engine_Demo\x64\Debug\gaussian3x3.obj
C:\Visual_Studio\Projects\ML_Engine_Demo_Visual_Studio\ML_Engine_Demo\x64\Debug\MLenginedemo.obj
C:\Visual_Studio\Projects\ML_Engine_Demo_Visual_Studio\ML_Engine_Demo\x64\Debug\cl.command.1.tlog
C:\Visual_Studio\Projects\ML_Engine_Demo_Visual_Studio\ML_Engine_Demo\x64\Debug\CL.read.1.tlog
C:\Visual_Studio\Projects\ML_Engine_Demo_Visual_Studio\ML_Engine_Demo\x64\Debug\CL.write.1.tlog
C:\Visual_Studio\Projects\ML_Engine_Demo_Visual_Studio\ML_Engine_Demo\x64\Debug\link-cvtres.read.1.tlog
C:\Visual_Studio\Projects\ML_Engine_Demo_Visual_Studio\ML_Engine_Demo\x64\Debug\link-cvtres.write.1.tlog
C:\Visual_Studio\Projects\ML_Engine_Demo_Visual_Studio\ML_Engine_Demo\x64\Debug\link-rc.read.1.tlog
C:\Visual_Studio\Projects\ML_Engine_Demo_Visual_Studio\ML_Engine_Demo\x64\Debug\link-rc.write.1.tlog
C:\Visual_Studio\Projects\ML_Engine_Demo_Visual_Studio\ML_Engine_Demo\x64\Debug\link.command.1.tlog
C:\Visual_Studio\Projects\ML_Engine_Demo_Visual_Studio\ML_Engine_Demo\x64\Debug\link.read.1.tlog
C:\Visual_Studio\Projects\ML_Engine_Demo_Visual_Studio\ML_Engine_Demo\x64\Debug\link.write.1.tlog
C:\Visual_Studio\Projects\ML_Engine_Demo_Visual_Studio\ML_Engine_Demo\x64\Debug\vc110.idb
C:\Visual_Studio\Projects\ML_Engine_Demo_Visual_Studio\ML_Engine_Demo\x64\Debug\vc110.pdb
C:\Visual_Studio\Projects\ML_Engine_Demo_Visual_Studio\x64\Debug\ML_Engine_Demo.pdb
C:\Visual_Studio\Projects\ML_Engine_Demo_Visual_Studio\x64\Debug\ML_Engine_Demo.exe
C:\Visual_Studio\Projects\ML_Engine_Demo_Visual_Studio\x64\Debug\ML_Engine_Demo.ilk
