c:\dev\build\4_matlab\30_import_code\vs_30_import_code_v2\vs_30_import_code_v2\x64\debug\vc141.pdb
c:\dev\build\4_matlab\30_import_code\vs_30_import_code_v2\vs_30_import_code_v2\x64\debug\vc141.idb
c:\dev\build\4_matlab\30_import_code\vs_30_import_code_v2\vs_30_import_code_v2\x64\debug\main.obj
c:\dev\build\4_matlab\30_import_code\vs_30_import_code_v2\vs_30_import_code_v2\x64\debug\func_terminate.obj
c:\dev\build\4_matlab\30_import_code\vs_30_import_code_v2\vs_30_import_code_v2\x64\debug\func_initialize.obj
c:\dev\build\4_matlab\30_import_code\vs_30_import_code_v2\vs_30_import_code_v2\x64\debug\func.obj
c:\dev\build\4_matlab\30_import_code\vs_30_import_code_v2\x64\debug\vs_30_import_code_v2.pdb
c:\dev\build\4_matlab\30_import_code\vs_30_import_code_v2\vs_30_import_code_v2\x64\debug\vs_30_im.77cdee57.tlog\cl.command.1.tlog
c:\dev\build\4_matlab\30_import_code\vs_30_import_code_v2\vs_30_import_code_v2\x64\debug\vs_30_im.77cdee57.tlog\cl.read.1.tlog
c:\dev\build\4_matlab\30_import_code\vs_30_import_code_v2\vs_30_import_code_v2\x64\debug\vs_30_im.77cdee57.tlog\cl.write.1.tlog
c:\dev\build\4_matlab\30_import_code\vs_30_import_code_v2\vs_30_import_code_v2\x64\debug\vs_30_im.77cdee57.tlog\link-cvtres.read.1.tlog
c:\dev\build\4_matlab\30_import_code\vs_30_import_code_v2\vs_30_import_code_v2\x64\debug\vs_30_im.77cdee57.tlog\link-cvtres.write.1.tlog
c:\dev\build\4_matlab\30_import_code\vs_30_import_code_v2\vs_30_import_code_v2\x64\debug\vs_30_im.77cdee57.tlog\link-rc.read.1.tlog
c:\dev\build\4_matlab\30_import_code\vs_30_import_code_v2\vs_30_import_code_v2\x64\debug\vs_30_im.77cdee57.tlog\link-rc.write.1.tlog
c:\dev\build\4_matlab\30_import_code\vs_30_import_code_v2\vs_30_import_code_v2\x64\debug\vs_30_im.77cdee57.tlog\link.17584-cvtres.read.1.tlog
c:\dev\build\4_matlab\30_import_code\vs_30_import_code_v2\vs_30_import_code_v2\x64\debug\vs_30_im.77cdee57.tlog\link.17584-cvtres.write.1.tlog
c:\dev\build\4_matlab\30_import_code\vs_30_import_code_v2\vs_30_import_code_v2\x64\debug\vs_30_im.77cdee57.tlog\link.17584-rc.read.1.tlog
c:\dev\build\4_matlab\30_import_code\vs_30_import_code_v2\vs_30_import_code_v2\x64\debug\vs_30_im.77cdee57.tlog\link.17584-rc.write.1.tlog
c:\dev\build\4_matlab\30_import_code\vs_30_import_code_v2\vs_30_import_code_v2\x64\debug\vs_30_im.77cdee57.tlog\link.17584.read.1.tlog
c:\dev\build\4_matlab\30_import_code\vs_30_import_code_v2\vs_30_import_code_v2\x64\debug\vs_30_im.77cdee57.tlog\link.17584.write.1.tlog
c:\dev\build\4_matlab\30_import_code\vs_30_import_code_v2\vs_30_import_code_v2\x64\debug\vs_30_im.77cdee57.tlog\link.command.1.tlog
c:\dev\build\4_matlab\30_import_code\vs_30_import_code_v2\vs_30_import_code_v2\x64\debug\vs_30_im.77cdee57.tlog\link.read.1.tlog
c:\dev\build\4_matlab\30_import_code\vs_30_import_code_v2\vs_30_import_code_v2\x64\debug\vs_30_im.77cdee57.tlog\link.write.1.tlog
